<?xml version="1.0" encoding="UTF-8"?>
<!-- Generated by org.testng.reporters.JUnitReportReporter -->
<testsuite skipped="0" hostname="DESKTOP-3JGL9VF" name="general_Functions.Constant_Functions" tests="1" failures="0" timestamp="2020-06-29T14:06:33 IST" time="15.142" errors="0">
  <testcase name="BrowserLaunching" time="15.142" classname="general_Functions.Constant_Functions"/>
  <system-out/>
</testsuite> <!-- general_Functions.Constant_Functions -->
