<?xml version="1.0" encoding="UTF-8"?>
<!-- Generated by org.testng.reporters.JUnitReportReporter -->
<testsuite skipped="0" hostname="DESKTOP-3JGL9VF" name="com_PageTestCase.Testcase1" tests="1" failures="0" timestamp="2020-07-01T14:58:36 IST" time="60.406" errors="0">
  <testcase name="Page1" time="60.406" classname="com_PageTestCase.Testcase1"/>
  <system-out/>
</testsuite> <!-- com_PageTestCase.Testcase1 -->
